<?xml version="1.0" encoding="UTF-8"?>
<!-- Generated by org.testng.reporters.JUnitReportReporter -->
<testsuite hostname="ubuntu-CR70-2M-CX70-2OC-CX70-2OD" name="com.catamania.loadtestjboss4.AuthentAndSubmit" tests="2" failures="0" timestamp="22 Jan 2017 16:03:34 GMT" time="9.252" errors="0">
  <testcase name="testMethod" time="4.625" classname="com.catamania.loadtestjboss4.AuthentAndSubmit"/>
  <testcase name="testMethod" time="4.627" classname="com.catamania.loadtestjboss4.AuthentAndSubmit"/>
</testsuite> <!-- com.catamania.loadtestjboss4.AuthentAndSubmit -->
